<?xml version="1.0" encoding="UTF-8"?>
<testng-results ignored="0" total="10" passed="9" failed="1" skipped="0">
  <reporter-output>
  </reporter-output>
  <suite started-at="2025-01-30T18:06:56 IST" name="Surefire suite" finished-at="2025-01-30T18:07:35 IST" duration-ms="39049">
    <groups>
    </groups>
    <test started-at="2025-01-30T18:06:56 IST" name="Surefire test" finished-at="2025-01-30T18:07:35 IST" duration-ms="39049">
      <class name="Assignment.TestCase">
        <test-method is-config="true" signature="openApp()[pri:0, instance:Assignment.TestCase@2f112965]" started-at="2025-01-30T18:07:23 IST" name="openApp" finished-at="2025-01-30T18:07:26 IST" duration-ms="2266" status="PASS">
          <reporter-output>
          </reporter-output>
        </test-method> <!-- openApp -->
        <test-method signature="searchingProduct()[pri:1, instance:Assignment.TestCase@2f112965]" started-at="2025-01-30T18:07:26 IST" name="searchingProduct" finished-at="2025-01-30T18:07:26 IST" duration-ms="426" status="PASS">
          <reporter-output>
          </reporter-output>
        </test-method> <!-- searchingProduct -->
        <test-method signature="addToCart()[pri:2, instance:Assignment.TestCase@2f112965]" started-at="2025-01-30T18:07:26 IST" name="addToCart" finished-at="2025-01-30T18:07:28 IST" duration-ms="2254" status="PASS">
          <reporter-output>
          </reporter-output>
        </test-method> <!-- addToCart -->
        <test-method signature="verifyProduct()[pri:3, instance:Assignment.TestCase@2f112965]" started-at="2025-01-30T18:07:28 IST" name="verifyProduct" finished-at="2025-01-30T18:07:30 IST" duration-ms="1780" status="PASS">
          <reporter-output>
          </reporter-output>
        </test-method> <!-- verifyProduct -->
        <test-method is-config="true" signature="quit()[pri:0, instance:Assignment.TestCase@2f112965]" started-at="2025-01-30T18:07:30 IST" name="quit" finished-at="2025-01-30T18:07:35 IST" duration-ms="5174" status="PASS">
          <reporter-output>
          </reporter-output>
        </test-method> <!-- quit -->
      </class> <!-- Assignment.TestCase -->
      <class name="day1.TestngTest">
        <test-method signature="test()[pri:0, instance:day1.TestngTest@1a04f701]" started-at="2025-01-30T18:07:35 IST" name="test" finished-at="2025-01-30T18:07:35 IST" duration-ms="0" status="PASS">
          <reporter-output>
          </reporter-output>
        </test-method> <!-- test -->
      </class> <!-- day1.TestngTest -->
      <class name="TestNg.FirstTest">
        <test-method signature="openApp()[pri:1, instance:TestNg.FirstTest@70be0a2b]" started-at="2025-01-30T18:06:56 IST" name="openApp" finished-at="2025-01-30T18:06:59 IST" duration-ms="2814" status="PASS">
          <reporter-output>
          </reporter-output>
        </test-method> <!-- openApp -->
        <test-method signature="searchProduct()[pri:2, instance:TestNg.FirstTest@70be0a2b]" started-at="2025-01-30T18:06:59 IST" name="searchProduct" finished-at="2025-01-30T18:07:02 IST" duration-ms="2539" status="PASS">
          <reporter-output>
          </reporter-output>
        </test-method> <!-- searchProduct -->
        <test-method signature="openPDP()[pri:3, instance:TestNg.FirstTest@70be0a2b]" started-at="2025-01-30T18:07:02 IST" name="openPDP" finished-at="2025-01-30T18:07:09 IST" duration-ms="7322" status="PASS">
          <reporter-output>
          </reporter-output>
        </test-method> <!-- openPDP -->
        <test-method signature="addToBag()[pri:4, instance:TestNg.FirstTest@70be0a2b]" started-at="2025-01-30T18:07:09 IST" name="addToBag" finished-at="2025-01-30T18:07:13 IST" duration-ms="4206" status="PASS">
          <reporter-output>
          </reporter-output>
        </test-method> <!-- addToBag -->
        <test-method signature="verifyCart()[pri:5, instance:TestNg.FirstTest@70be0a2b]" started-at="2025-01-30T18:07:13 IST" name="verifyCart" finished-at="2025-01-30T18:07:18 IST" duration-ms="5053" status="FAIL">
          <exception class="org.openqa.selenium.NoSuchElementException">
            <message>
              <![CDATA[no such element: Unable to locate element: {"method":"xpath","selector":"//span[@class='cart-count']"}
  (Session info: chrome=132.0.6834.160)
For documentation on this error, please visit: https://www.selenium.dev/documentation/webdriver/troubleshooting/errors#no-such-element-exception
Build info: version: '4.28.0', revision: 'ac342546e9'
System info: os.name: 'Mac OS X', os.arch: 'aarch64', os.version: '15.0', java.version: '23.0.1'
Driver info: org.openqa.selenium.chrome.ChromeDriver
Command: [ba3cd4c040392af7adbf1f4d14bab37e, findElement {using=xpath, value=//span[@class='cart-count']}]
Capabilities {acceptInsecureCerts: false, browserName: chrome, browserVersion: 132.0.6834.160, chrome: {chromedriverVersion: 132.0.6834.159 (2d77d3fc445..., userDataDir: /var/folders/sd/2mhcx4kx5gd...}, fedcm:accounts: true, goog:chromeOptions: {debuggerAddress: localhost:58617}, networkConnectionEnabled: false, pageLoadStrategy: normal, platformName: mac, proxy: Proxy(), se:cdp: ws://localhost:58617/devtoo..., se:cdpVersion: 132.0.6834.160, setWindowRect: true, strictFileInteractability: false, timeouts: {implicit: 0, pageLoad: 300000, script: 30000}, unhandledPromptBehavior: dismiss and notify, webauthn:extension:credBlob: true, webauthn:extension:largeBlob: true, webauthn:extension:minPinLength: true, webauthn:extension:prf: true, webauthn:virtualAuthenticators: true}
Session ID: ba3cd4c040392af7adbf1f4d14bab37e]]>
            </message>
            <full-stacktrace>
              <![CDATA[org.openqa.selenium.NoSuchElementException: no such element: Unable to locate element: {"method":"xpath","selector":"//span[@class='cart-count']"}
  (Session info: chrome=132.0.6834.160)
For documentation on this error, please visit: https://www.selenium.dev/documentation/webdriver/troubleshooting/errors#no-such-element-exception
Build info: version: '4.28.0', revision: 'ac342546e9'
System info: os.name: 'Mac OS X', os.arch: 'aarch64', os.version: '15.0', java.version: '23.0.1'
Driver info: org.openqa.selenium.chrome.ChromeDriver
Command: [ba3cd4c040392af7adbf1f4d14bab37e, findElement {using=xpath, value=//span[@class='cart-count']}]
Capabilities {acceptInsecureCerts: false, browserName: chrome, browserVersion: 132.0.6834.160, chrome: {chromedriverVersion: 132.0.6834.159 (2d77d3fc445..., userDataDir: /var/folders/sd/2mhcx4kx5gd...}, fedcm:accounts: true, goog:chromeOptions: {debuggerAddress: localhost:58617}, networkConnectionEnabled: false, pageLoadStrategy: normal, platformName: mac, proxy: Proxy(), se:cdp: ws://localhost:58617/devtoo..., se:cdpVersion: 132.0.6834.160, setWindowRect: true, strictFileInteractability: false, timeouts: {implicit: 0, pageLoad: 300000, script: 30000}, unhandledPromptBehavior: dismiss and notify, webauthn:extension:credBlob: true, webauthn:extension:largeBlob: true, webauthn:extension:minPinLength: true, webauthn:extension:prf: true, webauthn:virtualAuthenticators: true}
Session ID: ba3cd4c040392af7adbf1f4d14bab37e
at java.base/jdk.internal.reflect.DirectConstructorHandleAccessor.newInstance(DirectConstructorHandleAccessor.java:62)
at java.base/java.lang.reflect.Constructor.newInstanceWithCaller(Constructor.java:501)
at java.base/java.lang.reflect.Constructor.newInstance(Constructor.java:485)
at org.openqa.selenium.remote.ErrorCodec.decode(ErrorCodec.java:167)
at org.openqa.selenium.remote.codec.w3c.W3CHttpResponseCodec.decode(W3CHttpResponseCodec.java:138)
at org.openqa.selenium.remote.codec.w3c.W3CHttpResponseCodec.decode(W3CHttpResponseCodec.java:50)
at org.openqa.selenium.remote.HttpCommandExecutor.execute(HttpCommandExecutor.java:215)
at org.openqa.selenium.remote.service.DriverCommandExecutor.invokeExecute(DriverCommandExecutor.java:216)
at org.openqa.selenium.remote.service.DriverCommandExecutor.execute(DriverCommandExecutor.java:174)
at org.openqa.selenium.remote.RemoteWebDriver.execute(RemoteWebDriver.java:545)
at org.openqa.selenium.remote.ElementLocation$ElementFinder$2.findElement(ElementLocation.java:165)
at org.openqa.selenium.remote.ElementLocation.findElement(ElementLocation.java:59)
at org.openqa.selenium.remote.RemoteWebDriver.findElement(RemoteWebDriver.java:368)
at org.openqa.selenium.remote.RemoteWebDriver.findElement(RemoteWebDriver.java:362)
at TestNg.FirstTest.verifyCart(FirstTest.java:95)
at java.base/jdk.internal.reflect.DirectMethodHandleAccessor.invoke(DirectMethodHandleAccessor.java:103)
at java.base/java.lang.reflect.Method.invoke(Method.java:580)
at org.testng.internal.invokers.MethodInvocationHelper.invokeMethod(MethodInvocationHelper.java:141)
at org.testng.internal.invokers.TestInvoker.invokeMethod(TestInvoker.java:686)
at org.testng.internal.invokers.TestInvoker.invokeTestMethod(TestInvoker.java:230)
at org.testng.internal.invokers.MethodRunner.runInSequence(MethodRunner.java:63)
at org.testng.internal.invokers.TestInvoker$MethodInvocationAgent.invoke(TestInvoker.java:992)
at org.testng.internal.invokers.TestInvoker.invokeTestMethods(TestInvoker.java:203)
at org.testng.internal.invokers.TestMethodWorker.invokeTestMethods(TestMethodWorker.java:154)
at org.testng.internal.invokers.TestMethodWorker.run(TestMethodWorker.java:134)
at java.base/java.util.ArrayList.forEach(ArrayList.java:1597)
at org.testng.TestRunner.privateRun(TestRunner.java:739)
at org.testng.TestRunner.run(TestRunner.java:614)
at org.testng.SuiteRunner.runTest(SuiteRunner.java:421)
at org.testng.SuiteRunner.runSequentially(SuiteRunner.java:413)
at org.testng.SuiteRunner.privateRun(SuiteRunner.java:373)
at org.testng.SuiteRunner.run(SuiteRunner.java:312)
at org.testng.SuiteRunnerWorker.runSuite(SuiteRunnerWorker.java:52)
at org.testng.SuiteRunnerWorker.run(SuiteRunnerWorker.java:95)
at org.testng.TestNG.runSuitesSequentially(TestNG.java:1274)
at org.testng.TestNG.runSuitesLocally(TestNG.java:1208)
at org.testng.TestNG.runSuites(TestNG.java:1112)
at org.testng.TestNG.run(TestNG.java:1079)
at org.apache.maven.surefire.testng.TestNGExecutor.run(TestNGExecutor.java:155)
at org.apache.maven.surefire.testng.TestNGDirectoryTestSuite.executeMulti(TestNGDirectoryTestSuite.java:169)
at org.apache.maven.surefire.testng.TestNGDirectoryTestSuite.execute(TestNGDirectoryTestSuite.java:88)
at org.apache.maven.surefire.testng.TestNGProvider.invoke(TestNGProvider.java:137)
at org.apache.maven.surefire.booter.ForkedBooter.runSuitesInProcess(ForkedBooter.java:385)
at org.apache.maven.surefire.booter.ForkedBooter.execute(ForkedBooter.java:162)
at org.apache.maven.surefire.booter.ForkedBooter.run(ForkedBooter.java:507)
at org.apache.maven.surefire.booter.ForkedBooter.main(ForkedBooter.java:495)
]]>
            </full-stacktrace>
          </exception> <!-- org.openqa.selenium.NoSuchElementException -->
          <reporter-output>
          </reporter-output>
        </test-method> <!-- verifyCart -->
        <test-method signature="quitApp()[pri:6, instance:TestNg.FirstTest@70be0a2b]" started-at="2025-01-30T18:07:18 IST" name="quitApp" finished-at="2025-01-30T18:07:23 IST" duration-ms="5169" status="PASS">
          <reporter-output>
          </reporter-output>
        </test-method> <!-- quitApp -->
      </class> <!-- TestNg.FirstTest -->
    </test> <!-- Surefire test -->
  </suite> <!-- Surefire suite -->
</testng-results>
