<?xml version="1.0" encoding="UTF-8"?>
<!-- Generated by org.testng.reporters.JUnitXMLReporter -->
<testsuite ignored="0" hostname="12-M-FVFHN778Q05N" failures="0" tests="7" name="my tests" time="23.514" errors="0" timestamp="2025-01-29T15:07:35 IST">
  <testcase classname="day1.TestngTest" name="test" time="0.004"/>
  <testcase classname="TestNg.FirstTest" name="openApp" time="3.44"/>
  <testcase classname="TestNg.FirstTest" name="searchProduct" time="3.05"/>
  <testcase classname="TestNg.FirstTest" name="openPDP" time="2.232"/>
  <testcase classname="TestNg.FirstTest" name="addToBag" time="4.191"/>
  <testcase classname="TestNg.FirstTest" name="verifyCart" time="0.405"/>
  <testcase classname="TestNg.FirstTest" name="quitApp" time="10.166"/>
</testsuite> <!-- my tests -->
